{"/Users/sasha/Downloads/studiolink-paris/src/lib/analytics/events.ts": {"path":"/Users/sasha/Downloads/studiolink-paris/src/lib/analytics/events.ts","all":false,"statementMap":{"0":{"start":{"line":1,"column":0},"end":{"line":1,"column":34}},"3":{"start":{"line":4,"column":0},"end":{"line":4,"column":62}},"4":{"start":{"line":5,"column":0},"end":{"line":5,"column":37}},"6":{"start":{"line":7,"column":0},"end":{"line":7,"column":60}},"7":{"start":{"line":8,"column":0},"end":{"line":8,"column":36}},"9":{"start":{"line":10,"column":0},"end":{"line":10,"column":39}},"10":{"start":{"line":11,"column":0},"end":{"line":11,"column":27}},"13":{"start":{"line":14,"column":0},"end":{"line":14,"column":75}},"14":{"start":{"line":15,"column":0},"end":{"line":15,"column":53}},"16":{"start":{"line":17,"column":0},"end":{"line":17,"column":77}},"17":{"start":{"line":18,"column":0},"end":{"line":18,"column":67}},"19":{"start":{"line":20,"column":0},"end":{"line":20,"column":71}},"20":{"start":{"line":21,"column":0},"end":{"line":21,"column":48}},"23":{"start":{"line":24,"column":0},"end":{"line":24,"column":44}},"27":{"start":{"line":28,"column":0},"end":{"line":28,"column":38}},"29":{"start":{"line":30,"column":0},"end":{"line":30,"column":44}},"32":{"start":{"line":33,"column":0},"end":{"line":33,"column":38}},"34":{"start":{"line":35,"column":0},"end":{"line":35,"column":62}},"35":{"start":{"line":36,"column":0},"end":{"line":36,"column":59}},"37":{"start":{"line":38,"column":0},"end":{"line":38,"column":62}},"38":{"start":{"line":39,"column":0},"end":{"line":39,"column":59}},"41":{"start":{"line":42,"column":0},"end":{"line":42,"column":57}},"42":{"start":{"line":43,"column":0},"end":{"line":43,"column":54}},"44":{"start":{"line":45,"column":0},"end":{"line":45,"column":46}},"47":{"start":{"line":48,"column":0},"end":{"line":48,"column":34}},"48":{"start":{"line":49,"column":0},"end":{"line":49,"column":30}},"49":{"start":{"line":50,"column":0},"end":{"line":50,"column":36}},"50":{"start":{"line":51,"column":0},"end":{"line":51,"column":3}},"52":{"start":{"line":53,"column":0},"end":{"line":53,"column":78}},"53":{"start":{"line":54,"column":0},"end":{"line":54,"column":38}},"56":{"start":{"line":57,"column":0},"end":{"line":57,"column":41}},"60":{"start":{"line":61,"column":0},"end":{"line":61,"column":35}},"63":{"start":{"line":64,"column":0},"end":{"line":64,"column":45}},"67":{"start":{"line":68,"column":0},"end":{"line":68,"column":33}},"68":{"start":{"line":69,"column":0},"end":{"line":69,"column":11}},"69":{"start":{"line":70,"column":0},"end":{"line":70,"column":38}},"70":{"start":{"line":71,"column":0},"end":{"line":71,"column":3}},"73":{"start":{"line":74,"column":0},"end":{"line":74,"column":57}},"74":{"start":{"line":75,"column":0},"end":{"line":75,"column":61}}},"s":{"0":1,"3":1,"4":1,"6":1,"7":1,"9":1,"10":1,"13":1,"14":1,"16":1,"17":1,"19":1,"20":1,"23":1,"27":1,"29":1,"32":1,"34":1,"35":1,"37":1,"38":1,"41":1,"42":1,"44":1,"47":1,"48":1,"49":1,"50":1,"52":1,"53":1,"56":1,"60":1,"63":1,"67":1,"68":1,"69":1,"70":1,"73":1,"74":1},"branchMap":{"0":{"type":"branch","line":4,"loc":{"start":{"line":4,"column":35},"end":{"line":5,"column":37}},"locations":[{"start":{"line":4,"column":35},"end":{"line":5,"column":37}}]},"1":{"type":"branch","line":7,"loc":{"start":{"line":7,"column":33},"end":{"line":8,"column":36}},"locations":[{"start":{"line":7,"column":33},"end":{"line":8,"column":36}}]},"2":{"type":"branch","line":10,"loc":{"start":{"line":10,"column":34},"end":{"line":11,"column":27}},"locations":[{"start":{"line":10,"column":34},"end":{"line":11,"column":27}}]},"3":{"type":"branch","line":14,"loc":{"start":{"line":14,"column":44},"end":{"line":15,"column":53}},"locations":[{"start":{"line":14,"column":44},"end":{"line":15,"column":53}}]},"4":{"type":"branch","line":17,"loc":{"start":{"line":17,"column":40},"end":{"line":18,"column":67}},"locations":[{"start":{"line":17,"column":40},"end":{"line":18,"column":67}}]},"5":{"type":"branch","line":20,"loc":{"start":{"line":20,"column":40},"end":{"line":21,"column":48}},"locations":[{"start":{"line":20,"column":40},"end":{"line":21,"column":48}}]},"6":{"type":"branch","line":24,"loc":{"start":{"line":24,"column":35},"end":{"line":28,"column":38}},"locations":[{"start":{"line":24,"column":35},"end":{"line":28,"column":38}}]},"7":{"type":"branch","line":30,"loc":{"start":{"line":30,"column":35},"end":{"line":33,"column":38}},"locations":[{"start":{"line":30,"column":35},"end":{"line":33,"column":38}}]},"8":{"type":"branch","line":35,"loc":{"start":{"line":35,"column":40},"end":{"line":36,"column":59}},"locations":[{"start":{"line":35,"column":40},"end":{"line":36,"column":59}}]},"9":{"type":"branch","line":38,"loc":{"start":{"line":38,"column":40},"end":{"line":39,"column":59}},"locations":[{"start":{"line":38,"column":40},"end":{"line":39,"column":59}}]},"10":{"type":"branch","line":42,"loc":{"start":{"line":42,"column":35},"end":{"line":43,"column":54}},"locations":[{"start":{"line":42,"column":35},"end":{"line":43,"column":54}}]},"11":{"type":"branch","line":45,"loc":{"start":{"line":45,"column":37},"end":{"line":51,"column":3}},"locations":[{"start":{"line":45,"column":37},"end":{"line":51,"column":3}}]},"12":{"type":"branch","line":53,"loc":{"start":{"line":53,"column":33},"end":{"line":54,"column":38}},"locations":[{"start":{"line":53,"column":33},"end":{"line":54,"column":38}}]},"13":{"type":"branch","line":57,"loc":{"start":{"line":57,"column":32},"end":{"line":61,"column":35}},"locations":[{"start":{"line":57,"column":32},"end":{"line":61,"column":35}}]},"14":{"type":"branch","line":64,"loc":{"start":{"line":64,"column":36},"end":{"line":71,"column":3}},"locations":[{"start":{"line":64,"column":36},"end":{"line":71,"column":3}}]},"15":{"type":"branch","line":74,"loc":{"start":{"line":74,"column":40},"end":{"line":75,"column":61}},"locations":[{"start":{"line":74,"column":40},"end":{"line":75,"column":61}}]}},"b":{"0":[1],"1":[1],"2":[1],"3":[1],"4":[1],"5":[1],"6":[1],"7":[1],"8":[1],"9":[1],"10":[1],"11":[1],"12":[1],"13":[1],"14":[1],"15":[1]},"fnMap":{"0":{"name":"trackUserRegistered","decl":{"start":{"line":4,"column":35},"end":{"line":5,"column":37}},"loc":{"start":{"line":4,"column":35},"end":{"line":5,"column":37}},"line":4},"1":{"name":"trackUserLoggedIn","decl":{"start":{"line":7,"column":33},"end":{"line":8,"column":36}},"loc":{"start":{"line":7,"column":33},"end":{"line":8,"column":36}},"line":7},"2":{"name":"trackUserLoggedOut","decl":{"start":{"line":10,"column":34},"end":{"line":11,"column":27}},"loc":{"start":{"line":10,"column":34},"end":{"line":11,"column":27}},"line":10},"3":{"name":"trackOnboardingStepCompleted","decl":{"start":{"line":14,"column":44},"end":{"line":15,"column":53}},"loc":{"start":{"line":14,"column":44},"end":{"line":15,"column":53}},"line":14},"4":{"name":"trackOnboardingCompleted","decl":{"start":{"line":17,"column":40},"end":{"line":18,"column":67}},"loc":{"start":{"line":17,"column":40},"end":{"line":18,"column":67}},"line":17},"5":{"name":"trackOnboardingAbandoned","decl":{"start":{"line":20,"column":40},"end":{"line":21,"column":48}},"loc":{"start":{"line":20,"column":40},"end":{"line":21,"column":48}},"line":20},"6":{"name":"trackMissionCreated","decl":{"start":{"line":24,"column":35},"end":{"line":28,"column":38}},"loc":{"start":{"line":24,"column":35},"end":{"line":28,"column":38}},"line":24},"7":{"name":"trackMissionApplied","decl":{"start":{"line":30,"column":35},"end":{"line":33,"column":38}},"loc":{"start":{"line":30,"column":35},"end":{"line":33,"column":38}},"line":30},"8":{"name":"trackApplicationAccepted","decl":{"start":{"line":35,"column":40},"end":{"line":36,"column":59}},"loc":{"start":{"line":35,"column":40},"end":{"line":36,"column":59}},"line":35},"9":{"name":"trackApplicationRejected","decl":{"start":{"line":38,"column":40},"end":{"line":39,"column":59}},"loc":{"start":{"line":38,"column":40},"end":{"line":39,"column":59}},"line":38},"10":{"name":"trackSessionStarted","decl":{"start":{"line":42,"column":35},"end":{"line":43,"column":54}},"loc":{"start":{"line":42,"column":35},"end":{"line":43,"column":54}},"line":42},"11":{"name":"trackSessionCompleted","decl":{"start":{"line":45,"column":37},"end":{"line":51,"column":3}},"loc":{"start":{"line":45,"column":37},"end":{"line":51,"column":3}},"line":45},"12":{"name":"trackFileUploaded","decl":{"start":{"line":53,"column":33},"end":{"line":54,"column":38}},"loc":{"start":{"line":53,"column":33},"end":{"line":54,"column":38}},"line":53},"13":{"name":"trackRatingGiven","decl":{"start":{"line":57,"column":32},"end":{"line":61,"column":35}},"loc":{"start":{"line":57,"column":32},"end":{"line":61,"column":35}},"line":57},"14":{"name":"trackSearchPerformed","decl":{"start":{"line":64,"column":36},"end":{"line":71,"column":3}},"loc":{"start":{"line":64,"column":36},"end":{"line":71,"column":3}},"line":64},"15":{"name":"trackNotificationClicked","decl":{"start":{"line":74,"column":40},"end":{"line":75,"column":61}},"loc":{"start":{"line":74,"column":40},"end":{"line":75,"column":61}},"line":74}},"f":{"0":1,"1":1,"2":1,"3":1,"4":1,"5":1,"6":1,"7":1,"8":1,"9":1,"10":1,"11":1,"12":1,"13":1,"14":1,"15":1}}
,"/Users/sasha/Downloads/studiolink-paris/src/lib/analytics/posthog.ts": {"path":"/Users/sasha/Downloads/studiolink-paris/src/lib/analytics/posthog.ts","all":false,"statementMap":{"0":{"start":{"line":1,"column":0},"end":{"line":1,"column":33}},"2":{"start":{"line":3,"column":0},"end":{"line":3,"column":31}},"6":{"start":{"line":7,"column":0},"end":{"line":7,"column":24}},"7":{"start":{"line":8,"column":0},"end":{"line":8,"column":54}},"8":{"start":{"line":9,"column":0},"end":{"line":9,"column":55}},"9":{"start":{"line":10,"column":0},"end":{"line":10,"column":1}},"11":{"start":{"line":12,"column":0},"end":{"line":12,"column":28}},"12":{"start":{"line":13,"column":0},"end":{"line":13,"column":58}},"13":{"start":{"line":14,"column":0},"end":{"line":14,"column":1}},"15":{"start":{"line":16,"column":0},"end":{"line":16,"column":31}},"16":{"start":{"line":17,"column":0},"end":{"line":17,"column":66}},"18":{"start":{"line":19,"column":0},"end":{"line":19,"column":47}},"19":{"start":{"line":20,"column":0},"end":{"line":20,"column":13}},"20":{"start":{"line":21,"column":0},"end":{"line":21,"column":68}},"21":{"start":{"line":22,"column":0},"end":{"line":22,"column":11}},"22":{"start":{"line":23,"column":0},"end":{"line":23,"column":3}},"24":{"start":{"line":25,"column":0},"end":{"line":25,"column":21}},"25":{"start":{"line":26,"column":0},"end":{"line":26,"column":39}},"26":{"start":{"line":27,"column":0},"end":{"line":27,"column":39}},"27":{"start":{"line":28,"column":0},"end":{"line":28,"column":27}},"28":{"start":{"line":29,"column":0},"end":{"line":29,"column":28}},"29":{"start":{"line":30,"column":0},"end":{"line":30,"column":23}},"30":{"start":{"line":31,"column":0},"end":{"line":31,"column":24}},"31":{"start":{"line":32,"column":0},"end":{"line":32,"column":26}},"32":{"start":{"line":33,"column":0},"end":{"line":33,"column":53}},"33":{"start":{"line":34,"column":0},"end":{"line":34,"column":6}},"34":{"start":{"line":35,"column":0},"end":{"line":35,"column":21}},"35":{"start":{"line":36,"column":0},"end":{"line":36,"column":36}},"36":{"start":{"line":37,"column":0},"end":{"line":37,"column":95}},"37":{"start":{"line":38,"column":0},"end":{"line":38,"column":31}},"38":{"start":{"line":39,"column":0},"end":{"line":39,"column":15}},"39":{"start":{"line":40,"column":0},"end":{"line":40,"column":7}},"40":{"start":{"line":41,"column":0},"end":{"line":41,"column":28}},"41":{"start":{"line":42,"column":0},"end":{"line":42,"column":6}},"42":{"start":{"line":43,"column":0},"end":{"line":43,"column":5}},"44":{"start":{"line":45,"column":0},"end":{"line":45,"column":28}},"45":{"start":{"line":46,"column":0},"end":{"line":46,"column":1}},"47":{"start":{"line":48,"column":0},"end":{"line":48,"column":53}},"51":{"start":{"line":52,"column":0},"end":{"line":52,"column":4}},"52":{"start":{"line":53,"column":0},"end":{"line":53,"column":44}},"53":{"start":{"line":54,"column":0},"end":{"line":54,"column":7}},"54":{"start":{"line":55,"column":0},"end":{"line":55,"column":35}},"55":{"start":{"line":56,"column":0},"end":{"line":56,"column":36}},"56":{"start":{"line":57,"column":0},"end":{"line":57,"column":11}},"58":{"start":{"line":59,"column":0},"end":{"line":59,"column":3}},"59":{"start":{"line":60,"column":0},"end":{"line":60,"column":1}},"61":{"start":{"line":62,"column":0},"end":{"line":62,"column":29}},"62":{"start":{"line":63,"column":0},"end":{"line":63,"column":44}},"63":{"start":{"line":64,"column":0},"end":{"line":64,"column":7}},"64":{"start":{"line":65,"column":0},"end":{"line":65,"column":35}},"65":{"start":{"line":66,"column":0},"end":{"line":66,"column":20}},"66":{"start":{"line":67,"column":0},"end":{"line":67,"column":11}},"68":{"start":{"line":69,"column":0},"end":{"line":69,"column":3}},"69":{"start":{"line":70,"column":0},"end":{"line":70,"column":1}},"71":{"start":{"line":72,"column":0},"end":{"line":72,"column":76}},"72":{"start":{"line":73,"column":0},"end":{"line":73,"column":44}},"73":{"start":{"line":74,"column":0},"end":{"line":74,"column":7}},"74":{"start":{"line":75,"column":0},"end":{"line":75,"column":35}},"75":{"start":{"line":76,"column":0},"end":{"line":76,"column":39}},"76":{"start":{"line":77,"column":0},"end":{"line":77,"column":11}},"78":{"start":{"line":79,"column":0},"end":{"line":79,"column":3}},"79":{"start":{"line":80,"column":0},"end":{"line":80,"column":1}}},"s":{"0":1,"2":1,"6":1,"7":1,"8":1,"9":1,"11":6,"12":6,"13":6,"15":1,"16":2,"18":2,"19":2,"20":1,"21":1,"22":1,"24":1,"25":1,"26":1,"27":1,"28":1,"29":1,"30":1,"31":1,"32":1,"33":1,"34":1,"35":1,"36":1,"37":1,"38":1,"39":1,"40":0,"41":1,"42":1,"44":1,"45":1,"47":1,"51":2,"52":2,"53":2,"54":2,"55":1,"56":2,"58":0,"59":2,"61":1,"62":2,"63":2,"64":2,"65":1,"66":2,"68":0,"69":2,"71":1,"72":2,"73":2,"74":2,"75":1,"76":2,"78":0,"79":2},"branchMap":{"0":{"type":"branch","line":7,"loc":{"start":{"line":7,"column":0},"end":{"line":10,"column":1}},"locations":[{"start":{"line":7,"column":0},"end":{"line":10,"column":1}}]},"1":{"type":"branch","line":8,"loc":{"start":{"line":8,"column":37},"end":{"line":8,"column":54}},"locations":[{"start":{"line":8,"column":37},"end":{"line":8,"column":54}}]},"2":{"type":"branch","line":12,"loc":{"start":{"line":12,"column":0},"end":{"line":14,"column":1}},"locations":[{"start":{"line":12,"column":0},"end":{"line":14,"column":1}}]},"3":{"type":"branch","line":16,"loc":{"start":{"line":16,"column":7},"end":{"line":46,"column":1}},"locations":[{"start":{"line":16,"column":7},"end":{"line":46,"column":1}}]},"4":{"type":"branch","line":17,"loc":{"start":{"line":17,"column":59},"end":{"line":17,"column":66}},"locations":[{"start":{"line":17,"column":59},"end":{"line":17,"column":66}}]},"5":{"type":"branch","line":20,"loc":{"start":{"line":20,"column":12},"end":{"line":46,"column":1}},"locations":[{"start":{"line":20,"column":12},"end":{"line":46,"column":1}}]},"6":{"type":"branch","line":35,"loc":{"start":{"line":35,"column":12},"end":{"line":42,"column":6}},"locations":[{"start":{"line":35,"column":12},"end":{"line":42,"column":6}}]},"7":{"type":"branch","line":40,"loc":{"start":{"line":40,"column":6},"end":{"line":41,"column":28}},"locations":[{"start":{"line":40,"column":6},"end":{"line":41,"column":28}}]},"8":{"type":"branch","line":48,"loc":{"start":{"line":48,"column":7},"end":{"line":60,"column":1}},"locations":[{"start":{"line":48,"column":7},"end":{"line":60,"column":1}}]},"9":{"type":"branch","line":53,"loc":{"start":{"line":53,"column":37},"end":{"line":53,"column":44}},"locations":[{"start":{"line":53,"column":37},"end":{"line":53,"column":44}}]},"10":{"type":"branch","line":55,"loc":{"start":{"line":55,"column":28},"end":{"line":57,"column":10}},"locations":[{"start":{"line":55,"column":28},"end":{"line":57,"column":10}}]},"11":{"type":"branch","line":57,"loc":{"start":{"line":57,"column":2},"end":{"line":59,"column":3}},"locations":[{"start":{"line":57,"column":2},"end":{"line":59,"column":3}}]},"12":{"type":"branch","line":62,"loc":{"start":{"line":62,"column":7},"end":{"line":70,"column":1}},"locations":[{"start":{"line":62,"column":7},"end":{"line":70,"column":1}}]},"13":{"type":"branch","line":63,"loc":{"start":{"line":63,"column":37},"end":{"line":63,"column":44}},"locations":[{"start":{"line":63,"column":37},"end":{"line":63,"column":44}}]},"14":{"type":"branch","line":65,"loc":{"start":{"line":65,"column":28},"end":{"line":67,"column":10}},"locations":[{"start":{"line":65,"column":28},"end":{"line":67,"column":10}}]},"15":{"type":"branch","line":67,"loc":{"start":{"line":67,"column":2},"end":{"line":69,"column":3}},"locations":[{"start":{"line":67,"column":2},"end":{"line":69,"column":3}}]},"16":{"type":"branch","line":72,"loc":{"start":{"line":72,"column":7},"end":{"line":80,"column":1}},"locations":[{"start":{"line":72,"column":7},"end":{"line":80,"column":1}}]},"17":{"type":"branch","line":73,"loc":{"start":{"line":73,"column":37},"end":{"line":73,"column":44}},"locations":[{"start":{"line":73,"column":37},"end":{"line":73,"column":44}}]},"18":{"type":"branch","line":75,"loc":{"start":{"line":75,"column":28},"end":{"line":77,"column":10}},"locations":[{"start":{"line":75,"column":28},"end":{"line":77,"column":10}}]},"19":{"type":"branch","line":77,"loc":{"start":{"line":77,"column":2},"end":{"line":79,"column":3}},"locations":[{"start":{"line":77,"column":2},"end":{"line":79,"column":3}}]}},"b":{"0":[1],"1":[0],"2":[6],"3":[2],"4":[0],"5":[1],"6":[1],"7":[0],"8":[2],"9":[0],"10":[1],"11":[0],"12":[2],"13":[0],"14":[1],"15":[0],"16":[2],"17":[0],"18":[1],"19":[0]},"fnMap":{"0":{"name":"readConsent","decl":{"start":{"line":7,"column":0},"end":{"line":10,"column":1}},"loc":{"start":{"line":7,"column":0},"end":{"line":10,"column":1}},"line":7},"1":{"name":"isPostHogLoaded","decl":{"start":{"line":12,"column":0},"end":{"line":14,"column":1}},"loc":{"start":{"line":12,"column":0},"end":{"line":14,"column":1}},"line":12},"2":{"name":"initPostHog","decl":{"start":{"line":16,"column":7},"end":{"line":46,"column":1}},"loc":{"start":{"line":16,"column":7},"end":{"line":46,"column":1}},"line":16},"3":{"name":"maskInputFn","decl":{"start":{"line":33,"column":19},"end":{"line":33,"column":53}},"loc":{"start":{"line":33,"column":19},"end":{"line":33,"column":53}},"line":33},"4":{"name":"loaded","decl":{"start":{"line":35,"column":12},"end":{"line":42,"column":6}},"loc":{"start":{"line":35,"column":12},"end":{"line":42,"column":6}},"line":35},"5":{"name":"identifyUser","decl":{"start":{"line":48,"column":7},"end":{"line":60,"column":1}},"loc":{"start":{"line":48,"column":7},"end":{"line":60,"column":1}},"line":48},"6":{"name":"resetUser","decl":{"start":{"line":62,"column":7},"end":{"line":70,"column":1}},"loc":{"start":{"line":62,"column":7},"end":{"line":70,"column":1}},"line":62},"7":{"name":"track","decl":{"start":{"line":72,"column":7},"end":{"line":80,"column":1}},"loc":{"start":{"line":72,"column":7},"end":{"line":80,"column":1}},"line":72}},"f":{"0":1,"1":6,"2":2,"3":0,"4":1,"5":2,"6":2,"7":2}}
,"/Users/sasha/Downloads/studiolink-paris/src/lib/auth/handleAuthError.ts": {"path":"/Users/sasha/Downloads/studiolink-paris/src/lib/auth/handleAuthError.ts","all":false,"statementMap":{"0":{"start":{"line":1,"column":0},"end":{"line":1,"column":49}},"10":{"start":{"line":11,"column":0},"end":{"line":11,"column":29}},"11":{"start":{"line":12,"column":0},"end":{"line":12,"column":16}},"12":{"start":{"line":13,"column":0},"end":{"line":13,"column":16}},"13":{"start":{"line":14,"column":0},"end":{"line":14,"column":22}},"14":{"start":{"line":15,"column":0},"end":{"line":15,"column":13}},"15":{"start":{"line":16,"column":0},"end":{"line":16,"column":25}},"16":{"start":{"line":17,"column":0},"end":{"line":17,"column":18}},"17":{"start":{"line":18,"column":0},"end":{"line":18,"column":17}},"18":{"start":{"line":19,"column":0},"end":{"line":19,"column":8}},"19":{"start":{"line":20,"column":0},"end":{"line":20,"column":2}},"20":{"start":{"line":21,"column":0},"end":{"line":21,"column":56}},"22":{"start":{"line":23,"column":0},"end":{"line":23,"column":88}},"23":{"start":{"line":24,"column":0},"end":{"line":24,"column":53}},"24":{"start":{"line":25,"column":0},"end":{"line":25,"column":56}},"25":{"start":{"line":26,"column":0},"end":{"line":26,"column":46}},"26":{"start":{"line":27,"column":0},"end":{"line":27,"column":54}},"27":{"start":{"line":28,"column":0},"end":{"line":28,"column":12}},"28":{"start":{"line":29,"column":0},"end":{"line":29,"column":1}},"30":{"start":{"line":31,"column":0},"end":{"line":31,"column":96}},"31":{"start":{"line":32,"column":0},"end":{"line":32,"column":82}},"32":{"start":{"line":33,"column":0},"end":{"line":33,"column":48}},"33":{"start":{"line":34,"column":0},"end":{"line":34,"column":52}},"35":{"start":{"line":36,"column":0},"end":{"line":36,"column":69}},"36":{"start":{"line":37,"column":0},"end":{"line":37,"column":90}},"38":{"start":{"line":39,"column":0},"end":{"line":39,"column":33}},"40":{"start":{"line":41,"column":0},"end":{"line":41,"column":17}},"41":{"start":{"line":42,"column":0},"end":{"line":42,"column":75}},"42":{"start":{"line":43,"column":0},"end":{"line":43,"column":3}},"44":{"start":{"line":45,"column":0},"end":{"line":45,"column":38}},"45":{"start":{"line":46,"column":0},"end":{"line":46,"column":79}},"46":{"start":{"line":47,"column":0},"end":{"line":47,"column":3}},"48":{"start":{"line":49,"column":0},"end":{"line":49,"column":17}},"49":{"start":{"line":50,"column":0},"end":{"line":50,"column":24}},"50":{"start":{"line":51,"column":0},"end":{"line":51,"column":20}},"51":{"start":{"line":52,"column":0},"end":{"line":52,"column":43}},"52":{"start":{"line":53,"column":0},"end":{"line":53,"column":7}},"53":{"start":{"line":54,"column":0},"end":{"line":54,"column":3}},"55":{"start":{"line":56,"column":0},"end":{"line":56,"column":14}},"56":{"start":{"line":57,"column":0},"end":{"line":57,"column":1}},"58":{"start":{"line":59,"column":0},"end":{"line":59,"column":60}},"59":{"start":{"line":60,"column":0},"end":{"line":60,"column":49}},"60":{"start":{"line":61,"column":0},"end":{"line":61,"column":73}},"61":{"start":{"line":62,"column":0},"end":{"line":62,"column":27}},"62":{"start":{"line":63,"column":0},"end":{"line":63,"column":61}},"63":{"start":{"line":64,"column":0},"end":{"line":64,"column":16}},"64":{"start":{"line":65,"column":0},"end":{"line":65,"column":1}}},"s":{"0":1,"10":1,"11":1,"12":1,"13":1,"14":1,"15":1,"16":1,"17":1,"18":1,"19":1,"20":1,"22":10,"23":10,"24":8,"25":10,"26":10,"27":8,"28":8,"30":5,"31":5,"32":5,"33":5,"35":5,"36":5,"38":5,"40":3,"41":3,"42":3,"44":3,"45":3,"46":3,"48":5,"49":2,"50":2,"51":2,"52":2,"53":2,"55":3,"56":3,"58":1,"59":3,"60":3,"61":3,"62":1,"63":1,"64":1},"branchMap":{"0":{"type":"branch","line":23,"loc":{"start":{"line":23,"column":0},"end":{"line":29,"column":1}},"locations":[{"start":{"line":23,"column":0},"end":{"line":29,"column":1}}]},"1":{"type":"branch","line":24,"loc":{"start":{"line":24,"column":43},"end":{"line":24,"column":53}},"locations":[{"start":{"line":24,"column":43},"end":{"line":24,"column":53}}]},"2":{"type":"branch","line":24,"loc":{"start":{"line":24,"column":50},"end":{"line":26,"column":40}},"locations":[{"start":{"line":24,"column":50},"end":{"line":26,"column":40}}]},"3":{"type":"branch","line":26,"loc":{"start":{"line":26,"column":33},"end":{"line":26,"column":46}},"locations":[{"start":{"line":26,"column":33},"end":{"line":26,"column":46}}]},"4":{"type":"branch","line":26,"loc":{"start":{"line":26,"column":40},"end":{"line":27,"column":40}},"locations":[{"start":{"line":26,"column":40},"end":{"line":27,"column":40}}]},"5":{"type":"branch","line":27,"loc":{"start":{"line":27,"column":33},"end":{"line":27,"column":54}},"locations":[{"start":{"line":27,"column":33},"end":{"line":27,"column":54}}]},"6":{"type":"branch","line":27,"loc":{"start":{"line":27,"column":52},"end":{"line":29,"column":1}},"locations":[{"start":{"line":27,"column":52},"end":{"line":29,"column":1}}]},"7":{"type":"branch","line":31,"loc":{"start":{"line":31,"column":0},"end":{"line":57,"column":1}},"locations":[{"start":{"line":31,"column":0},"end":{"line":57,"column":1}}]},"8":{"type":"branch","line":32,"loc":{"start":{"line":32,"column":38},"end":{"line":32,"column":62}},"locations":[{"start":{"line":32,"column":38},"end":{"line":32,"column":62}}]},"9":{"type":"branch","line":32,"loc":{"start":{"line":32,"column":52},"end":{"line":32,"column":82}},"locations":[{"start":{"line":32,"column":52},"end":{"line":32,"column":82}}]},"10":{"type":"branch","line":32,"loc":{"start":{"line":32,"column":69},"end":{"line":32,"column":80}},"locations":[{"start":{"line":32,"column":69},"end":{"line":32,"column":80}}]},"11":{"type":"branch","line":39,"loc":{"start":{"line":39,"column":20},"end":{"line":39,"column":33}},"locations":[{"start":{"line":39,"column":20},"end":{"line":39,"column":33}}]},"12":{"type":"branch","line":39,"loc":{"start":{"line":39,"column":27},"end":{"line":49,"column":16}},"locations":[{"start":{"line":39,"column":27},"end":{"line":49,"column":16}}]},"13":{"type":"branch","line":49,"loc":{"start":{"line":49,"column":16},"end":{"line":54,"column":3}},"locations":[{"start":{"line":49,"column":16},"end":{"line":54,"column":3}}]},"14":{"type":"branch","line":54,"loc":{"start":{"line":54,"column":2},"end":{"line":57,"column":1}},"locations":[{"start":{"line":54,"column":2},"end":{"line":57,"column":1}}]},"15":{"type":"branch","line":37,"loc":{"start":{"line":37,"column":47},"end":{"line":37,"column":88}},"locations":[{"start":{"line":37,"column":47},"end":{"line":37,"column":88}}]},"16":{"type":"branch","line":59,"loc":{"start":{"line":59,"column":7},"end":{"line":65,"column":1}},"locations":[{"start":{"line":59,"column":7},"end":{"line":65,"column":1}}]},"17":{"type":"branch","line":60,"loc":{"start":{"line":60,"column":37},"end":{"line":60,"column":49}},"locations":[{"start":{"line":60,"column":37},"end":{"line":60,"column":49}}]},"18":{"type":"branch","line":62,"loc":{"start":{"line":62,"column":15},"end":{"line":62,"column":27}},"locations":[{"start":{"line":62,"column":15},"end":{"line":62,"column":27}}]},"19":{"type":"branch","line":62,"loc":{"start":{"line":62,"column":22},"end":{"line":65,"column":1}},"locations":[{"start":{"line":62,"column":22},"end":{"line":65,"column":1}}]}},"b":{"0":[10],"1":[2],"2":[8],"3":[0],"4":[8],"5":[0],"6":[8],"7":[5],"8":[4],"9":[1],"10":[0],"11":[2],"12":[3],"13":[2],"14":[3],"15":[22],"16":[3],"17":[0],"18":[2],"19":[1]},"fnMap":{"0":{"name":"readErrorFragment","decl":{"start":{"line":23,"column":0},"end":{"line":29,"column":1}},"loc":{"start":{"line":23,"column":0},"end":{"line":29,"column":1}},"line":23},"1":{"name":"handleAuthError","decl":{"start":{"line":31,"column":0},"end":{"line":57,"column":1}},"loc":{"start":{"line":31,"column":0},"end":{"line":57,"column":1}},"line":31},"2":{"name":"consumeAuthRedirectReason","decl":{"start":{"line":59,"column":7},"end":{"line":65,"column":1}},"loc":{"start":{"line":59,"column":7},"end":{"line":65,"column":1}},"line":59}},"f":{"0":10,"1":5,"2":3}}
,"/Users/sasha/Downloads/studiolink-paris/src/lib/email/emailService.ts": {"path":"/Users/sasha/Downloads/studiolink-paris/src/lib/email/emailService.ts","all":false,"statementMap":{"0":{"start":{"line":1,"column":0},"end":{"line":1,"column":49}},"5":{"start":{"line":6,"column":0},"end":{"line":6,"column":25}},"6":{"start":{"line":7,"column":0},"end":{"line":7,"column":64}},"7":{"start":{"line":8,"column":0},"end":{"line":8,"column":34}},"8":{"start":{"line":9,"column":0},"end":{"line":9,"column":3}},"9":{"start":{"line":10,"column":0},"end":{"line":10,"column":79}},"10":{"start":{"line":11,"column":0},"end":{"line":11,"column":1}},"12":{"start":{"line":13,"column":0},"end":{"line":13,"column":33}},"13":{"start":{"line":14,"column":0},"end":{"line":14,"column":50}},"14":{"start":{"line":15,"column":0},"end":{"line":15,"column":1}},"16":{"start":{"line":17,"column":0},"end":{"line":17,"column":25}},"17":{"start":{"line":18,"column":0},"end":{"line":18,"column":15}},"18":{"start":{"line":19,"column":0},"end":{"line":19,"column":13}},"19":{"start":{"line":20,"column":0},"end":{"line":20,"column":21}},"20":{"start":{"line":21,"column":0},"end":{"line":21,"column":18}},"21":{"start":{"line":22,"column":0},"end":{"line":22,"column":69}},"23":{"start":{"line":24,"column":0},"end":{"line":24,"column":7}},"24":{"start":{"line":25,"column":0},"end":{"line":25,"column":69}},"25":{"start":{"line":26,"column":0},"end":{"line":26,"column":31}},"26":{"start":{"line":27,"column":0},"end":{"line":27,"column":7}},"28":{"start":{"line":29,"column":0},"end":{"line":29,"column":16}},"29":{"start":{"line":30,"column":0},"end":{"line":30,"column":68}},"30":{"start":{"line":31,"column":0},"end":{"line":31,"column":5}},"31":{"start":{"line":32,"column":0},"end":{"line":32,"column":19}},"32":{"start":{"line":33,"column":0},"end":{"line":33,"column":58}},"33":{"start":{"line":34,"column":0},"end":{"line":34,"column":3}},"34":{"start":{"line":35,"column":0},"end":{"line":35,"column":1}},"36":{"start":{"line":37,"column":0},"end":{"line":37,"column":29}},"37":{"start":{"line":38,"column":0},"end":{"line":38,"column":37}},"43":{"start":{"line":44,"column":0},"end":{"line":44,"column":63}},"44":{"start":{"line":45,"column":0},"end":{"line":45,"column":14}},"45":{"start":{"line":46,"column":0},"end":{"line":46,"column":65}},"46":{"start":{"line":47,"column":0},"end":{"line":47,"column":5}},"48":{"start":{"line":49,"column":0},"end":{"line":49,"column":37}},"53":{"start":{"line":54,"column":0},"end":{"line":54,"column":60}},"54":{"start":{"line":55,"column":0},"end":{"line":55,"column":14}},"55":{"start":{"line":56,"column":0},"end":{"line":56,"column":54}},"56":{"start":{"line":57,"column":0},"end":{"line":57,"column":5}},"58":{"start":{"line":59,"column":0},"end":{"line":59,"column":37}},"62":{"start":{"line":63,"column":0},"end":{"line":63,"column":67}},"64":{"start":{"line":65,"column":0},"end":{"line":65,"column":28}},"70":{"start":{"line":71,"column":0},"end":{"line":71,"column":57}},"71":{"start":{"line":72,"column":0},"end":{"line":72,"column":14}},"72":{"start":{"line":73,"column":0},"end":{"line":73,"column":54}},"73":{"start":{"line":74,"column":0},"end":{"line":74,"column":5}},"75":{"start":{"line":76,"column":0},"end":{"line":76,"column":40}},"80":{"start":{"line":81,"column":0},"end":{"line":81,"column":65}},"81":{"start":{"line":82,"column":0},"end":{"line":82,"column":14}},"82":{"start":{"line":83,"column":0},"end":{"line":83,"column":54}},"83":{"start":{"line":84,"column":0},"end":{"line":84,"column":5}},"85":{"start":{"line":86,"column":0},"end":{"line":86,"column":25}},"89":{"start":{"line":90,"column":0},"end":{"line":90,"column":51}},"90":{"start":{"line":91,"column":0},"end":{"line":91,"column":2}}},"s":{"0":1,"5":4,"6":4,"7":2,"8":2,"9":4,"10":4,"12":4,"13":4,"14":4,"16":8,"17":8,"18":8,"19":8,"20":8,"21":8,"23":7,"24":7,"25":7,"26":7,"28":8,"29":1,"30":1,"31":8,"32":1,"33":1,"34":8,"36":1,"37":1,"43":1,"44":1,"45":1,"46":1,"48":1,"53":1,"54":1,"55":1,"56":1,"58":1,"62":1,"64":1,"70":1,"71":1,"72":1,"73":1,"75":1,"80":1,"81":1,"82":1,"83":1,"85":1,"89":3,"90":1},"branchMap":{"0":{"type":"branch","line":6,"loc":{"start":{"line":6,"column":0},"end":{"line":11,"column":1}},"locations":[{"start":{"line":6,"column":0},"end":{"line":11,"column":1}}]},"1":{"type":"branch","line":7,"loc":{"start":{"line":7,"column":24},"end":{"line":7,"column":63}},"locations":[{"start":{"line":7,"column":24},"end":{"line":7,"column":63}}]},"2":{"type":"branch","line":7,"loc":{"start":{"line":7,"column":63},"end":{"line":10,"column":41}},"locations":[{"start":{"line":7,"column":63},"end":{"line":10,"column":41}}]},"3":{"type":"branch","line":10,"loc":{"start":{"line":10,"column":25},"end":{"line":10,"column":79}},"locations":[{"start":{"line":10,"column":25},"end":{"line":10,"column":79}}]},"4":{"type":"branch","line":13,"loc":{"start":{"line":13,"column":0},"end":{"line":15,"column":1}},"locations":[{"start":{"line":13,"column":0},"end":{"line":15,"column":1}}]},"5":{"type":"branch","line":17,"loc":{"start":{"line":17,"column":0},"end":{"line":35,"column":1}},"locations":[{"start":{"line":17,"column":0},"end":{"line":35,"column":1}}]},"6":{"type":"branch","line":22,"loc":{"start":{"line":22,"column":23},"end":{"line":22,"column":57}},"locations":[{"start":{"line":22,"column":23},"end":{"line":22,"column":57}}]},"7":{"type":"branch","line":22,"loc":{"start":{"line":22,"column":45},"end":{"line":22,"column":62}},"locations":[{"start":{"line":22,"column":45},"end":{"line":22,"column":62}}]},"8":{"type":"branch","line":22,"loc":{"start":{"line":22,"column":62},"end":{"line":22,"column":69}},"locations":[{"start":{"line":22,"column":62},"end":{"line":22,"column":69}}]},"9":{"type":"branch","line":22,"loc":{"start":{"line":22,"column":62},"end":{"line":27,"column":7}},"locations":[{"start":{"line":22,"column":62},"end":{"line":27,"column":7}}]},"10":{"type":"branch","line":27,"loc":{"start":{"line":27,"column":5},"end":{"line":29,"column":15}},"locations":[{"start":{"line":27,"column":5},"end":{"line":29,"column":15}}]},"11":{"type":"branch","line":29,"loc":{"start":{"line":29,"column":15},"end":{"line":31,"column":5}},"locations":[{"start":{"line":29,"column":15},"end":{"line":31,"column":5}}]},"12":{"type":"branch","line":32,"loc":{"start":{"line":32,"column":2},"end":{"line":34,"column":3}},"locations":[{"start":{"line":32,"column":2},"end":{"line":34,"column":3}}]},"13":{"type":"branch","line":38,"loc":{"start":{"line":38,"column":27},"end":{"line":47,"column":5}},"locations":[{"start":{"line":38,"column":27},"end":{"line":47,"column":5}}]},"14":{"type":"branch","line":49,"loc":{"start":{"line":49,"column":27},"end":{"line":57,"column":5}},"locations":[{"start":{"line":49,"column":27},"end":{"line":57,"column":5}}]},"15":{"type":"branch","line":59,"loc":{"start":{"line":59,"column":27},"end":{"line":63,"column":67}},"locations":[{"start":{"line":59,"column":27},"end":{"line":63,"column":67}}]},"16":{"type":"branch","line":65,"loc":{"start":{"line":65,"column":18},"end":{"line":74,"column":5}},"locations":[{"start":{"line":65,"column":18},"end":{"line":74,"column":5}}]},"17":{"type":"branch","line":76,"loc":{"start":{"line":76,"column":30},"end":{"line":84,"column":5}},"locations":[{"start":{"line":76,"column":30},"end":{"line":84,"column":5}}]},"18":{"type":"branch","line":86,"loc":{"start":{"line":86,"column":15},"end":{"line":90,"column":51}},"locations":[{"start":{"line":86,"column":15},"end":{"line":90,"column":51}}]}},"b":{"0":[4],"1":[2],"2":[2],"3":[0],"4":[4],"5":[8],"6":[7],"7":[7],"8":[1],"9":[7],"10":[6],"11":[1],"12":[1],"13":[1],"14":[1],"15":[1],"16":[1],"17":[1],"18":[3]},"fnMap":{"0":{"name":"getAppOrigin","decl":{"start":{"line":6,"column":0},"end":{"line":11,"column":1}},"loc":{"start":{"line":6,"column":0},"end":{"line":11,"column":1}},"line":6},"1":{"name":"buildUrl","decl":{"start":{"line":13,"column":0},"end":{"line":15,"column":1}},"loc":{"start":{"line":13,"column":0},"end":{"line":15,"column":1}},"line":13},"2":{"name":"sendEmail","decl":{"start":{"line":17,"column":0},"end":{"line":35,"column":1}},"loc":{"start":{"line":17,"column":0},"end":{"line":35,"column":1}},"line":17},"3":{"name":"sendApplicationReceived","decl":{"start":{"line":38,"column":27},"end":{"line":47,"column":5}},"loc":{"start":{"line":38,"column":27},"end":{"line":47,"column":5}},"line":38},"4":{"name":"sendApplicationAccepted","decl":{"start":{"line":49,"column":27},"end":{"line":57,"column":5}},"loc":{"start":{"line":49,"column":27},"end":{"line":57,"column":5}},"line":49},"5":{"name":"sendApplicationRejected","decl":{"start":{"line":59,"column":27},"end":{"line":63,"column":67}},"loc":{"start":{"line":59,"column":27},"end":{"line":63,"column":67}},"line":59},"6":{"name":"sendNewMessage","decl":{"start":{"line":65,"column":18},"end":{"line":74,"column":5}},"loc":{"start":{"line":65,"column":18},"end":{"line":74,"column":5}},"line":65},"7":{"name":"sendSessionCompletedRating","decl":{"start":{"line":76,"column":30},"end":{"line":84,"column":5}},"loc":{"start":{"line":76,"column":30},"end":{"line":84,"column":5}},"line":76},"8":{"name":"sendWelcome","decl":{"start":{"line":86,"column":15},"end":{"line":90,"column":51}},"loc":{"start":{"line":86,"column":15},"end":{"line":90,"column":51}},"line":86}},"f":{"0":4,"1":4,"2":8,"3":1,"4":1,"5":1,"6":1,"7":1,"8":3}}
}
