{"total": {"lines":{"total":201,"covered":197,"skipped":0,"pct":98},"statements":{"total":201,"covered":197,"skipped":0,"pct":98},"functions":{"total":36,"covered":35,"skipped":0,"pct":97.22},"branches":{"total":75,"covered":61,"skipped":0,"pct":81.33},"branchesTrue":{"total":0,"covered":0,"skipped":0,"pct":100}}
,"/Users/sasha/Downloads/studiolink-paris/src/lib/analytics/events.ts": {"lines":{"total":39,"covered":39,"skipped":0,"pct":100},"functions":{"total":16,"covered":16,"skipped":0,"pct":100},"statements":{"total":39,"covered":39,"skipped":0,"pct":100},"branches":{"total":16,"covered":16,"skipped":0,"pct":100}}
,"/Users/sasha/Downloads/studiolink-paris/src/lib/analytics/posthog.ts": {"lines":{"total":62,"covered":58,"skipped":0,"pct":93.54},"functions":{"total":8,"covered":7,"skipped":0,"pct":87.5},"statements":{"total":62,"covered":58,"skipped":0,"pct":93.54},"branches":{"total":20,"covered":11,"skipped":0,"pct":55}}
,"/Users/sasha/Downloads/studiolink-paris/src/lib/auth/handleAuthError.ts": {"lines":{"total":47,"covered":47,"skipped":0,"pct":100},"functions":{"total":3,"covered":3,"skipped":0,"pct":100},"statements":{"total":47,"covered":47,"skipped":0,"pct":100},"branches":{"total":20,"covered":16,"skipped":0,"pct":80}}
,"/Users/sasha/Downloads/studiolink-paris/src/lib/email/emailService.ts": {"lines":{"total":53,"covered":53,"skipped":0,"pct":100},"functions":{"total":9,"covered":9,"skipped":0,"pct":100},"statements":{"total":53,"covered":53,"skipped":0,"pct":100},"branches":{"total":19,"covered":18,"skipped":0,"pct":94.73}}
}
